<?xml version="1.0" encoding="UTF-8"?>
<!-- Generated by org.testng.reporters.JUnitXMLReporter -->
<testsuite ignored="9" hostname="LAPTOP-MDVV23RL" failures="0" tests="13" name="Test" time="45.197" errors="0" timestamp="2022-04-29T14:25:23 IST">
  <testcase classname="tcsionProject.Stage2.S2TestLogin" name="loginPage" time="3.449"/>
  <testcase classname="tcsionProject.Stage2.S2TestLogin" name="validLoginTC004" time="8.023"/>
  <testcase classname="tcsionProject.Stage2.S2sidebarLinks" name="sidebar" time="2.96"/>
  <testcase classname="tcsionProject.Stage2.S2TestLanding" name="verifyhome" time="3.028"/>
  <testcase classname="tcsionProject.Stage2.S2TestLanding" name="verifyhotels" time="1.073"/>
  <testcase classname="tcsionProject.Stage2.S2TestLanding" name="verifyflights" time="1.011"/>
  <testcase classname="tcsionProject.Stage2.S2TestLanding" name="verifytours" time="1.029"/>
  <testcase classname="tcsionProject.Stage2.S2TestLanding" name="verifyvisa" time="0.896"/>
  <testcase classname="tcsionProject.Stage2.S2TestLanding" name="verifyblog" time="1.5"/>
  <testcase classname="tcsionProject.Stage2.S2TestLanding" name="verifyoffers" time="1.163"/>
  <testcase classname="tcsionProject.Stage2.S2TestLanding" name="verifycompany" time="0.933"/>
  <testcase classname="tcsionProject.Stage2.S2TestLanding" name="verifyusd" time="2.097"/>
  <testcase classname="tcsionProject.Stage2.S2TestSearch" name="search" time="5.455"/>
  <testcase classname="tcsionProject.Stage2.S2TestLogin" name="invalidLoginTC001" time="0.0">
    <ignored/>
  </testcase> <!-- invalidLoginTC001 -->
  <testcase classname="tcsionProject.Stage2.S2TestLogin" name="invalidLoginTC002" time="0.0">
    <ignored/>
  </testcase> <!-- invalidLoginTC002 -->
  <testcase classname="tcsionProject.Scripts.TestBase" name="@BeforeTest onSetup" time="0.0">
    <ignored/>
  </testcase> <!-- @BeforeTest onSetup -->
  <testcase classname="tcsionProject.Stage2.S2TestLogin" name="invalidLoginTC003" time="0.0">
    <ignored/>
  </testcase> <!-- invalidLoginTC003 -->
  <testcase classname="tcsionProject.Scripts.TestBase" name="@AfterTest quitBrowser" time="0.0">
    <ignored/>
  </testcase> <!-- @AfterTest quitBrowser -->
  <testcase classname="tcsionProject.Scripts.TestBase" name="@AfterTest quitBrowser" time="0.0">
    <ignored/>
  </testcase> <!-- @AfterTest quitBrowser -->
  <testcase classname="tcsionProject.Scripts.TestBase" name="@BeforeTest onSetup" time="0.0">
    <ignored/>
  </testcase> <!-- @BeforeTest onSetup -->
  <testcase classname="tcsionProject.Scripts.TestBase" name="@BeforeTest onSetup" time="0.0">
    <ignored/>
  </testcase> <!-- @BeforeTest onSetup -->
  <testcase classname="tcsionProject.Scripts.TestBase" name="@AfterTest quitBrowser" time="0.0">
    <ignored/>
  </testcase> <!-- @AfterTest quitBrowser -->
</testsuite> <!-- Test -->
